-------------------------------------------------------------------------------
Test set: app.webserver.ecommerce.Demo2ApplicationTests
-------------------------------------------------------------------------------
Tests run: 1, Failures: 0, Errors: 1, Skipped: 0, Time elapsed: 0.175 s <<< FAILURE! - in app.webserver.ecommerce.Demo2ApplicationTests
app.webserver.ecommerce.Demo2ApplicationTests  Time elapsed: 0.173 s  <<< ERROR!
java.lang.IllegalStateException: Unable to find a @SpringBootConfiguration, you need to use @ContextConfiguration or @SpringBootTest(classes=...) with your test

